app/build/intermediates/manifest_merge_blame_file/debug/processDebugMainManifest/manifest-merger-blame-debug-report.txt
1<?xml version="1.0" encoding="utf-8"?>
2<manifest xmlns:android="http://schemas.android.com/apk/res/android"
3    package="com.example.cardflex"
4    android:versionCode="1"
5    android:versionName="1.0" >
6
7    <uses-sdk
8        android:minSdkVersion="24"
9        android:targetSdkVersion="34" />
10
11    <!-- Permisos necesarios -->
12    <uses-permission android:name="android.permission.INTERNET" />
12-->src\main\AndroidManifest.xml:5:5-67
12-->src\main\AndroidManifest.xml:5:22-64
13    <uses-permission android:name="android.permission.CAMERA" />
13-->src\main\AndroidManifest.xml:6:5-65
13-->src\main\AndroidManifest.xml:6:22-62
14
15    <!-- Acceso a cámara trasera -->
16    <uses-feature android:name="android.hardware.camera.any" />
16-->src\main\AndroidManifest.xml:9:5-64
16-->src\main\AndroidManifest.xml:9:19-61
17
18    <uses-permission android:name="android.permission.USE_BIOMETRIC" /> <!-- suppress DeprecatedClassUsageInspection -->
18-->[androidx.biometric:biometric:1.1.0] AndroidManifest.xml:24:5-72
18-->[androidx.biometric:biometric:1.1.0] AndroidManifest.xml:24:22-69
19    <uses-permission android:name="android.permission.USE_FINGERPRINT" />
19-->[androidx.biometric:biometric:1.1.0] AndroidManifest.xml:27:5-74
19-->[androidx.biometric:biometric:1.1.0] AndroidManifest.xml:27:22-71
20    <uses-permission android:name="android.permission.ACCESS_NETWORK_STATE" />
20-->[com.google.firebase:firebase-auth:22.3.1] AndroidManifest.xml:26:5-79
20-->[com.google.firebase:firebase-auth:22.3.1] AndroidManifest.xml:26:22-76
21    <uses-permission android:name="com.google.android.providers.gsf.permission.READ_GSERVICES" />
21-->[com.google.android.recaptcha:recaptcha:18.4.0] AndroidManifest.xml:9:5-98
21-->[com.google.android.recaptcha:recaptcha:18.4.0] AndroidManifest.xml:9:22-95
22
23    <permission
23-->[androidx.core:core:1.12.0] AndroidManifest.xml:22:5-24:47
24        android:name="com.example.cardflex.DYNAMIC_RECEIVER_NOT_EXPORTED_PERMISSION"
24-->[androidx.core:core:1.12.0] AndroidManifest.xml:23:9-81
25        android:protectionLevel="signature" />
25-->[androidx.core:core:1.12.0] AndroidManifest.xml:24:9-44
26
27    <uses-permission android:name="com.example.cardflex.DYNAMIC_RECEIVER_NOT_EXPORTED_PERMISSION" />
27-->[androidx.core:core:1.12.0] AndroidManifest.xml:26:5-97
27-->[androidx.core:core:1.12.0] AndroidManifest.xml:26:22-94
28
29    <application
29-->src\main\AndroidManifest.xml:11:5-54:19
30        android:allowBackup="true"
30-->src\main\AndroidManifest.xml:12:9-35
31        android:appComponentFactory="androidx.core.app.CoreComponentFactory"
31-->[androidx.core:core:1.12.0] AndroidManifest.xml:28:18-86
32        android:debuggable="true"
33        android:extractNativeLibs="false"
34        android:label="CardFlex"
34-->src\main\AndroidManifest.xml:13:9-33
35        android:supportsRtl="true"
35-->src\main\AndroidManifest.xml:14:9-35
36        android:testOnly="true" >
37
38        <!-- Firebase Sign-In -->
39        <meta-data
39-->src\main\AndroidManifest.xml:17:9-19:36
40            android:name="com.google.android.gms.auth.api.signin.v2.DEFAULT_SIGN_IN"
40-->src\main\AndroidManifest.xml:18:13-85
41            android:value="true" />
41-->src\main\AndroidManifest.xml:19:13-33
42
43        <!-- 👇 FileProvider para compartir archivos (PDF/XML) -->
44        <provider
44-->src\main\AndroidManifest.xml:22:9-30:20
45            android:name="androidx.core.content.FileProvider"
45-->src\main\AndroidManifest.xml:23:13-62
46            android:authorities="com.example.cardflex.fileprovider"
46-->src\main\AndroidManifest.xml:24:13-68
47            android:exported="false"
47-->src\main\AndroidManifest.xml:25:13-37
48            android:grantUriPermissions="true" >
48-->src\main\AndroidManifest.xml:26:13-47
49            <meta-data
49-->src\main\AndroidManifest.xml:27:13-29:54
50                android:name="android.support.FILE_PROVIDER_PATHS"
50-->src\main\AndroidManifest.xml:28:17-67
51                android:resource="@xml/file_paths" />
51-->src\main\AndroidManifest.xml:29:17-51
52        </provider>
53
54        <activity
54-->src\main\AndroidManifest.xml:32:9-52:20
55            android:name="com.example.cardflex.MainActivity"
55-->src\main\AndroidManifest.xml:33:13-41
56            android:exported="true" >
56-->src\main\AndroidManifest.xml:34:13-36
57
58            <!-- Lanzador principal -->
59            <intent-filter>
59-->src\main\AndroidManifest.xml:37:13-40:29
60                <action android:name="android.intent.action.MAIN" />
60-->src\main\AndroidManifest.xml:38:17-69
60-->src\main\AndroidManifest.xml:38:25-66
61
62                <category android:name="android.intent.category.LAUNCHER" />
62-->src\main\AndroidManifest.xml:39:17-77
62-->src\main\AndroidManifest.xml:39:27-74
63            </intent-filter>
64
65            <!-- Redirección de autenticación con Google -->
66            <intent-filter>
66-->src\main\AndroidManifest.xml:43:13-50:29
67                <action android:name="android.intent.action.VIEW" />
67-->src\main\AndroidManifest.xml:44:17-69
67-->src\main\AndroidManifest.xml:44:25-66
68
69                <category android:name="android.intent.category.DEFAULT" />
69-->src\main\AndroidManifest.xml:45:17-76
69-->src\main\AndroidManifest.xml:45:27-73
70                <category android:name="android.intent.category.BROWSABLE" />
70-->src\main\AndroidManifest.xml:46:17-78
70-->src\main\AndroidManifest.xml:46:27-75
71
72                <data
72-->src\main\AndroidManifest.xml:47:17-49:53
73                    android:host="oauth2redirect"
73-->src\main\AndroidManifest.xml:49:21-50
74                    android:scheme="com.example.cardflex" />
74-->src\main\AndroidManifest.xml:48:21-58
75            </intent-filter>
76        </activity>
77
78        <service
78-->[com.google.firebase:firebase-auth-ktx:22.3.1] AndroidManifest.xml:8:9-14:19
79            android:name="com.google.firebase.components.ComponentDiscoveryService"
79-->[com.google.firebase:firebase-auth-ktx:22.3.1] AndroidManifest.xml:9:13-84
80            android:directBootAware="true"
80-->[com.google.firebase:firebase-common:20.4.2] AndroidManifest.xml:32:13-43
81            android:exported="false" >
81-->[com.google.firebase:firebase-auth-ktx:22.3.1] AndroidManifest.xml:10:13-37
82            <meta-data
82-->[com.google.firebase:firebase-auth-ktx:22.3.1] AndroidManifest.xml:11:13-13:85
83                android:name="com.google.firebase.components:com.google.firebase.auth.ktx.FirebaseAuthLegacyRegistrar"
83-->[com.google.firebase:firebase-auth-ktx:22.3.1] AndroidManifest.xml:12:17-119
84                android:value="com.google.firebase.components.ComponentRegistrar" />
84-->[com.google.firebase:firebase-auth-ktx:22.3.1] AndroidManifest.xml:13:17-82
85            <meta-data
85-->[com.google.firebase:firebase-auth:22.3.1] AndroidManifest.xml:69:13-71:85
86                android:name="com.google.firebase.components:com.google.firebase.auth.FirebaseAuthRegistrar"
86-->[com.google.firebase:firebase-auth:22.3.1] AndroidManifest.xml:70:17-109
87                android:value="com.google.firebase.components.ComponentRegistrar" />
87-->[com.google.firebase:firebase-auth:22.3.1] AndroidManifest.xml:71:17-82
88            <meta-data
88-->[com.google.firebase:firebase-database-ktx:20.3.0] AndroidManifest.xml:12:13-14:85
89                android:name="com.google.firebase.components:com.google.firebase.database.ktx.FirebaseDatabaseLegacyRegistrar"
89-->[com.google.firebase:firebase-database-ktx:20.3.0] AndroidManifest.xml:13:17-127
90                android:value="com.google.firebase.components.ComponentRegistrar" />
90-->[com.google.firebase:firebase-database-ktx:20.3.0] AndroidManifest.xml:14:17-82
91            <meta-data
91-->[com.google.firebase:firebase-database:20.3.0] AndroidManifest.xml:29:13-31:85
92                android:name="com.google.firebase.components:com.google.firebase.database.FirebaseDatabaseKtxRegistrar"
92-->[com.google.firebase:firebase-database:20.3.0] AndroidManifest.xml:30:17-120
93                android:value="com.google.firebase.components.ComponentRegistrar" />
93-->[com.google.firebase:firebase-database:20.3.0] AndroidManifest.xml:31:17-82
94            <meta-data
94-->[com.google.firebase:firebase-database:20.3.0] AndroidManifest.xml:32:13-34:85
95                android:name="com.google.firebase.components:com.google.firebase.database.DatabaseRegistrar"
95-->[com.google.firebase:firebase-database:20.3.0] AndroidManifest.xml:33:17-109
96                android:value="com.google.firebase.components.ComponentRegistrar" />
96-->[com.google.firebase:firebase-database:20.3.0] AndroidManifest.xml:34:17-82
97            <meta-data
97-->[com.google.firebase:firebase-common-ktx:20.4.2] AndroidManifest.xml:12:13-14:85
98                android:name="com.google.firebase.components:com.google.firebase.ktx.FirebaseCommonLegacyRegistrar"
98-->[com.google.firebase:firebase-common-ktx:20.4.2] AndroidManifest.xml:13:17-116
99                android:value="com.google.firebase.components.ComponentRegistrar" />
99-->[com.google.firebase:firebase-common-ktx:20.4.2] AndroidManifest.xml:14:17-82
100            <meta-data
100-->[com.google.firebase:firebase-common:20.4.2] AndroidManifest.xml:35:13-37:85
101                android:name="com.google.firebase.components:com.google.firebase.FirebaseCommonKtxRegistrar"
101-->[com.google.firebase:firebase-common:20.4.2] AndroidManifest.xml:36:17-109
102                android:value="com.google.firebase.components.ComponentRegistrar" />
102-->[com.google.firebase:firebase-common:20.4.2] AndroidManifest.xml:37:17-82
103        </service>
104        <!--
105        Service for holding metadata. Cannot be instantiated.
106        Metadata will be merged from other manifests.
107        -->
108        <service
108-->[androidx.camera:camera-core:1.3.0] AndroidManifest.xml:29:9-33:78
109            android:name="androidx.camera.core.impl.MetadataHolderService"
109-->[androidx.camera:camera-core:1.3.0] AndroidManifest.xml:30:13-75
110            android:enabled="false"
110-->[androidx.camera:camera-core:1.3.0] AndroidManifest.xml:31:13-36
111            android:exported="false" >
111-->[androidx.camera:camera-core:1.3.0] AndroidManifest.xml:32:13-37
112            <meta-data
112-->[androidx.camera:camera-camera2:1.3.0] AndroidManifest.xml:30:13-32:89
113                android:name="androidx.camera.core.impl.MetadataHolderService.DEFAULT_CONFIG_PROVIDER"
113-->[androidx.camera:camera-camera2:1.3.0] AndroidManifest.xml:31:17-103
114                android:value="androidx.camera.camera2.Camera2Config$DefaultProvider" />
114-->[androidx.camera:camera-camera2:1.3.0] AndroidManifest.xml:32:17-86
115        </service>
116
117        <activity
117-->[com.google.android.gms:play-services-auth:20.7.0] AndroidManifest.xml:23:9-27:75
118            android:name="com.google.android.gms.auth.api.signin.internal.SignInHubActivity"
118-->[com.google.android.gms:play-services-auth:20.7.0] AndroidManifest.xml:24:13-93
119            android:excludeFromRecents="true"
119-->[com.google.android.gms:play-services-auth:20.7.0] AndroidManifest.xml:25:13-46
120            android:exported="false"
120-->[com.google.android.gms:play-services-auth:20.7.0] AndroidManifest.xml:26:13-37
121            android:theme="@android:style/Theme.Translucent.NoTitleBar" />
121-->[com.google.android.gms:play-services-auth:20.7.0] AndroidManifest.xml:27:13-72
122        <!--
123            Service handling Google Sign-In user revocation. For apps that do not integrate with
124            Google Sign-In, this service will never be started.
125        -->
126        <service
126-->[com.google.android.gms:play-services-auth:20.7.0] AndroidManifest.xml:33:9-37:51
127            android:name="com.google.android.gms.auth.api.signin.RevocationBoundService"
127-->[com.google.android.gms:play-services-auth:20.7.0] AndroidManifest.xml:34:13-89
128            android:exported="true"
128-->[com.google.android.gms:play-services-auth:20.7.0] AndroidManifest.xml:35:13-36
129            android:permission="com.google.android.gms.auth.api.signin.permission.REVOCATION_NOTIFICATION"
129-->[com.google.android.gms:play-services-auth:20.7.0] AndroidManifest.xml:36:13-107
130            android:visibleToInstantApps="true" />
130-->[com.google.android.gms:play-services-auth:20.7.0] AndroidManifest.xml:37:13-48
131
132        <activity
132-->[com.google.firebase:firebase-auth:22.3.1] AndroidManifest.xml:29:9-46:20
133            android:name="com.google.firebase.auth.internal.GenericIdpActivity"
133-->[com.google.firebase:firebase-auth:22.3.1] AndroidManifest.xml:30:13-80
134            android:excludeFromRecents="true"
134-->[com.google.firebase:firebase-auth:22.3.1] AndroidManifest.xml:31:13-46
135            android:exported="true"
135-->[com.google.firebase:firebase-auth:22.3.1] AndroidManifest.xml:32:13-36
136            android:launchMode="singleTask"
136-->[com.google.firebase:firebase-auth:22.3.1] AndroidManifest.xml:33:13-44
137            android:theme="@android:style/Theme.Translucent.NoTitleBar" >
137-->[com.google.firebase:firebase-auth:22.3.1] AndroidManifest.xml:34:13-72
138            <intent-filter>
138-->[com.google.firebase:firebase-auth:22.3.1] AndroidManifest.xml:35:13-45:29
139                <action android:name="android.intent.action.VIEW" />
139-->src\main\AndroidManifest.xml:44:17-69
139-->src\main\AndroidManifest.xml:44:25-66
140
141                <category android:name="android.intent.category.DEFAULT" />
141-->src\main\AndroidManifest.xml:45:17-76
141-->src\main\AndroidManifest.xml:45:27-73
142                <category android:name="android.intent.category.BROWSABLE" />
142-->src\main\AndroidManifest.xml:46:17-78
142-->src\main\AndroidManifest.xml:46:27-75
143
144                <data
144-->src\main\AndroidManifest.xml:47:17-49:53
145                    android:host="firebase.auth"
145-->src\main\AndroidManifest.xml:49:21-50
146                    android:path="/"
147                    android:scheme="genericidp" />
147-->src\main\AndroidManifest.xml:48:21-58
148            </intent-filter>
149        </activity>
150        <activity
150-->[com.google.firebase:firebase-auth:22.3.1] AndroidManifest.xml:47:9-64:20
151            android:name="com.google.firebase.auth.internal.RecaptchaActivity"
151-->[com.google.firebase:firebase-auth:22.3.1] AndroidManifest.xml:48:13-79
152            android:excludeFromRecents="true"
152-->[com.google.firebase:firebase-auth:22.3.1] AndroidManifest.xml:49:13-46
153            android:exported="true"
153-->[com.google.firebase:firebase-auth:22.3.1] AndroidManifest.xml:50:13-36
154            android:launchMode="singleTask"
154-->[com.google.firebase:firebase-auth:22.3.1] AndroidManifest.xml:51:13-44
155            android:theme="@android:style/Theme.Translucent.NoTitleBar" >
155-->[com.google.firebase:firebase-auth:22.3.1] AndroidManifest.xml:52:13-72
156            <intent-filter>
156-->[com.google.firebase:firebase-auth:22.3.1] AndroidManifest.xml:53:13-63:29
157                <action android:name="android.intent.action.VIEW" />
157-->src\main\AndroidManifest.xml:44:17-69
157-->src\main\AndroidManifest.xml:44:25-66
158
159                <category android:name="android.intent.category.DEFAULT" />
159-->src\main\AndroidManifest.xml:45:17-76
159-->src\main\AndroidManifest.xml:45:27-73
160                <category android:name="android.intent.category.BROWSABLE" />
160-->src\main\AndroidManifest.xml:46:17-78
160-->src\main\AndroidManifest.xml:46:27-75
161
162                <data
162-->src\main\AndroidManifest.xml:47:17-49:53
163                    android:host="firebase.auth"
163-->src\main\AndroidManifest.xml:49:21-50
164                    android:path="/"
165                    android:scheme="recaptcha" />
165-->src\main\AndroidManifest.xml:48:21-58
166            </intent-filter>
167        </activity>
168
169        <provider
169-->[com.google.firebase:firebase-common:20.4.2] AndroidManifest.xml:23:9-28:39
170            android:name="com.google.firebase.provider.FirebaseInitProvider"
170-->[com.google.firebase:firebase-common:20.4.2] AndroidManifest.xml:24:13-77
171            android:authorities="com.example.cardflex.firebaseinitprovider"
171-->[com.google.firebase:firebase-common:20.4.2] AndroidManifest.xml:25:13-72
172            android:directBootAware="true"
172-->[com.google.firebase:firebase-common:20.4.2] AndroidManifest.xml:26:13-43
173            android:exported="false"
173-->[com.google.firebase:firebase-common:20.4.2] AndroidManifest.xml:27:13-37
174            android:initOrder="100" />
174-->[com.google.firebase:firebase-common:20.4.2] AndroidManifest.xml:28:13-36
175
176        <service
176-->[com.google.android.gms:play-services-mlkit-barcode-scanning:18.3.0] AndroidManifest.xml:9:9-15:19
177            android:name="com.google.mlkit.common.internal.MlKitComponentDiscoveryService"
177-->[com.google.android.gms:play-services-mlkit-barcode-scanning:18.3.0] AndroidManifest.xml:10:13-91
178            android:directBootAware="true"
178-->[com.google.mlkit:common:18.9.0] AndroidManifest.xml:17:13-43
179            android:exported="false" >
179-->[com.google.android.gms:play-services-mlkit-barcode-scanning:18.3.0] AndroidManifest.xml:11:13-37
180            <meta-data
180-->[com.google.android.gms:play-services-mlkit-barcode-scanning:18.3.0] AndroidManifest.xml:12:13-14:85
181                android:name="com.google.firebase.components:com.google.mlkit.vision.barcode.internal.BarcodeRegistrar"
181-->[com.google.android.gms:play-services-mlkit-barcode-scanning:18.3.0] AndroidManifest.xml:13:17-120
182                android:value="com.google.firebase.components.ComponentRegistrar" />
182-->[com.google.android.gms:play-services-mlkit-barcode-scanning:18.3.0] AndroidManifest.xml:14:17-82
183            <meta-data
183-->[com.google.mlkit:vision-common:17.3.0] AndroidManifest.xml:12:13-14:85
184                android:name="com.google.firebase.components:com.google.mlkit.vision.common.internal.VisionCommonRegistrar"
184-->[com.google.mlkit:vision-common:17.3.0] AndroidManifest.xml:13:17-124
185                android:value="com.google.firebase.components.ComponentRegistrar" />
185-->[com.google.mlkit:vision-common:17.3.0] AndroidManifest.xml:14:17-82
186            <meta-data
186-->[com.google.mlkit:common:18.9.0] AndroidManifest.xml:20:13-22:85
187                android:name="com.google.firebase.components:com.google.mlkit.common.internal.CommonComponentRegistrar"
187-->[com.google.mlkit:common:18.9.0] AndroidManifest.xml:21:17-120
188                android:value="com.google.firebase.components.ComponentRegistrar" />
188-->[com.google.mlkit:common:18.9.0] AndroidManifest.xml:22:17-82
189        </service>
190
191        <provider
191-->[com.google.mlkit:common:18.9.0] AndroidManifest.xml:9:9-13:38
192            android:name="com.google.mlkit.common.internal.MlKitInitProvider"
192-->[com.google.mlkit:common:18.9.0] AndroidManifest.xml:10:13-78
193            android:authorities="com.example.cardflex.mlkitinitprovider"
193-->[com.google.mlkit:common:18.9.0] AndroidManifest.xml:11:13-69
194            android:exported="false"
194-->[com.google.mlkit:common:18.9.0] AndroidManifest.xml:12:13-37
195            android:initOrder="99" />
195-->[com.google.mlkit:common:18.9.0] AndroidManifest.xml:13:13-35
196
197        <activity
197-->[com.google.android.gms:play-services-base:18.1.0] AndroidManifest.xml:20:9-22:45
198            android:name="com.google.android.gms.common.api.GoogleApiActivity"
198-->[com.google.android.gms:play-services-base:18.1.0] AndroidManifest.xml:20:19-85
199            android:exported="false"
199-->[com.google.android.gms:play-services-base:18.1.0] AndroidManifest.xml:22:19-43
200            android:theme="@android:style/Theme.Translucent.NoTitleBar" />
200-->[com.google.android.gms:play-services-base:18.1.0] AndroidManifest.xml:21:19-78
201        <activity
201-->[androidx.compose.ui:ui-tooling-android:1.5.4] AndroidManifest.xml:23:9-25:39
202            android:name="androidx.compose.ui.tooling.PreviewActivity"
202-->[androidx.compose.ui:ui-tooling-android:1.5.4] AndroidManifest.xml:24:13-71
203            android:exported="true" />
203-->[androidx.compose.ui:ui-tooling-android:1.5.4] AndroidManifest.xml:25:13-36
204
205        <provider
205-->[androidx.emoji2:emoji2:1.4.0] AndroidManifest.xml:24:9-32:20
206            android:name="androidx.startup.InitializationProvider"
206-->[androidx.emoji2:emoji2:1.4.0] AndroidManifest.xml:25:13-67
207            android:authorities="com.example.cardflex.androidx-startup"
207-->[androidx.emoji2:emoji2:1.4.0] AndroidManifest.xml:26:13-68
208            android:exported="false" >
208-->[androidx.emoji2:emoji2:1.4.0] AndroidManifest.xml:27:13-37
209            <meta-data
209-->[androidx.emoji2:emoji2:1.4.0] AndroidManifest.xml:29:13-31:52
210                android:name="androidx.emoji2.text.EmojiCompatInitializer"
210-->[androidx.emoji2:emoji2:1.4.0] AndroidManifest.xml:30:17-75
211                android:value="androidx.startup" />
211-->[androidx.emoji2:emoji2:1.4.0] AndroidManifest.xml:31:17-49
212            <meta-data
212-->[androidx.lifecycle:lifecycle-process:2.6.2] AndroidManifest.xml:29:13-31:52
213                android:name="androidx.lifecycle.ProcessLifecycleInitializer"
213-->[androidx.lifecycle:lifecycle-process:2.6.2] AndroidManifest.xml:30:17-78
214                android:value="androidx.startup" />
214-->[androidx.lifecycle:lifecycle-process:2.6.2] AndroidManifest.xml:31:17-49
215            <meta-data
215-->[androidx.profileinstaller:profileinstaller:1.3.0] AndroidManifest.xml:29:13-31:52
216                android:name="androidx.profileinstaller.ProfileInstallerInitializer"
216-->[androidx.profileinstaller:profileinstaller:1.3.0] AndroidManifest.xml:30:17-85
217                android:value="androidx.startup" />
217-->[androidx.profileinstaller:profileinstaller:1.3.0] AndroidManifest.xml:31:17-49
218        </provider>
219
220        <meta-data
220-->[com.google.android.gms:play-services-basement:18.2.0] AndroidManifest.xml:21:9-23:69
221            android:name="com.google.android.gms.version"
221-->[com.google.android.gms:play-services-basement:18.2.0] AndroidManifest.xml:22:13-58
222            android:value="@integer/google_play_services_version" />
222-->[com.google.android.gms:play-services-basement:18.2.0] AndroidManifest.xml:23:13-66
223
224        <receiver
224-->[androidx.profileinstaller:profileinstaller:1.3.0] AndroidManifest.xml:34:9-52:20
225            android:name="androidx.profileinstaller.ProfileInstallReceiver"
225-->[androidx.profileinstaller:profileinstaller:1.3.0] AndroidManifest.xml:35:13-76
226            android:directBootAware="false"
226-->[androidx.profileinstaller:profileinstaller:1.3.0] AndroidManifest.xml:36:13-44
227            android:enabled="true"
227-->[androidx.profileinstaller:profileinstaller:1.3.0] AndroidManifest.xml:37:13-35
228            android:exported="true"
228-->[androidx.profileinstaller:profileinstaller:1.3.0] AndroidManifest.xml:38:13-36
229            android:permission="android.permission.DUMP" >
229-->[androidx.profileinstaller:profileinstaller:1.3.0] AndroidManifest.xml:39:13-57
230            <intent-filter>
230-->[androidx.profileinstaller:profileinstaller:1.3.0] AndroidManifest.xml:40:13-42:29
231                <action android:name="androidx.profileinstaller.action.INSTALL_PROFILE" />
231-->[androidx.profileinstaller:profileinstaller:1.3.0] AndroidManifest.xml:41:17-91
231-->[androidx.profileinstaller:profileinstaller:1.3.0] AndroidManifest.xml:41:25-88
232            </intent-filter>
233            <intent-filter>
233-->[androidx.profileinstaller:profileinstaller:1.3.0] AndroidManifest.xml:43:13-45:29
234                <action android:name="androidx.profileinstaller.action.SKIP_FILE" />
234-->[androidx.profileinstaller:profileinstaller:1.3.0] AndroidManifest.xml:44:17-85
234-->[androidx.profileinstaller:profileinstaller:1.3.0] AndroidManifest.xml:44:25-82
235            </intent-filter>
236            <intent-filter>
236-->[androidx.profileinstaller:profileinstaller:1.3.0] AndroidManifest.xml:46:13-48:29
237                <action android:name="androidx.profileinstaller.action.SAVE_PROFILE" />
237-->[androidx.profileinstaller:profileinstaller:1.3.0] AndroidManifest.xml:47:17-88
237-->[androidx.profileinstaller:profileinstaller:1.3.0] AndroidManifest.xml:47:25-85
238            </intent-filter>
239            <intent-filter>
239-->[androidx.profileinstaller:profileinstaller:1.3.0] AndroidManifest.xml:49:13-51:29
240                <action android:name="androidx.profileinstaller.action.BENCHMARK_OPERATION" />
240-->[androidx.profileinstaller:profileinstaller:1.3.0] AndroidManifest.xml:50:17-95
240-->[androidx.profileinstaller:profileinstaller:1.3.0] AndroidManifest.xml:50:25-92
241            </intent-filter>
242        </receiver>
243
244        <service
244-->[com.google.android.datatransport:transport-backend-cct:2.3.3] AndroidManifest.xml:29:9-35:19
245            android:name="com.google.android.datatransport.runtime.backends.TransportBackendDiscovery"
245-->[com.google.android.datatransport:transport-backend-cct:2.3.3] AndroidManifest.xml:30:13-103
246            android:exported="false" >
246-->[com.google.android.datatransport:transport-backend-cct:2.3.3] AndroidManifest.xml:31:13-37
247            <meta-data
247-->[com.google.android.datatransport:transport-backend-cct:2.3.3] AndroidManifest.xml:32:13-34:39
248                android:name="backend:com.google.android.datatransport.cct.CctBackendFactory"
248-->[com.google.android.datatransport:transport-backend-cct:2.3.3] AndroidManifest.xml:33:17-94
249                android:value="cct" />
249-->[com.google.android.datatransport:transport-backend-cct:2.3.3] AndroidManifest.xml:34:17-36
250        </service>
251        <service
251-->[com.google.android.datatransport:transport-runtime:2.2.6] AndroidManifest.xml:26:9-30:19
252            android:name="com.google.android.datatransport.runtime.scheduling.jobscheduling.JobInfoSchedulerService"
252-->[com.google.android.datatransport:transport-runtime:2.2.6] AndroidManifest.xml:27:13-117
253            android:exported="false"
253-->[com.google.android.datatransport:transport-runtime:2.2.6] AndroidManifest.xml:28:13-37
254            android:permission="android.permission.BIND_JOB_SERVICE" >
254-->[com.google.android.datatransport:transport-runtime:2.2.6] AndroidManifest.xml:29:13-69
255        </service>
256
257        <receiver
257-->[com.google.android.datatransport:transport-runtime:2.2.6] AndroidManifest.xml:32:9-34:40
258            android:name="com.google.android.datatransport.runtime.scheduling.jobscheduling.AlarmManagerSchedulerBroadcastReceiver"
258-->[com.google.android.datatransport:transport-runtime:2.2.6] AndroidManifest.xml:33:13-132
259            android:exported="false" />
259-->[com.google.android.datatransport:transport-runtime:2.2.6] AndroidManifest.xml:34:13-37
260    </application>
261
262</manifest>